2023-10-14 00:58:26,442 - ERROR - Ocurrió un error: name 'filedialog' is not defined
Traceback (most recent call last):
  File "/Users/franciscomontalvo/Documents/Resumen_Exportaciones/resumen_exportaciones-1/main.py", line 73, in App
    ruta_del_archivo = filedialog.askopenfilename(title="Selecciona el archivo de Excel", filetypes=tipos_de_archivo)
NameError: name 'filedialog' is not defined

2023-10-14 01:02:15,533 - ERROR - Ocurrió un error: module 'importar' has no attribute 'importar_datos_desde_excel'
Traceback (most recent call last):
  File "/Users/franciscomontalvo/Documents/Resumen_Exportaciones/resumen_exportaciones-1/main.py", line 74, in seleccionar_archivo
    df = importar.importar_datos_desde_excel(ruta_del_archivo)
AttributeError: module 'importar' has no attribute 'importar_datos_desde_excel'

2023-10-14 01:04:01,746 - INFO - Archivo importado con éxito.
2023-10-14 01:04:01,749 - INFO - Año y mes extraídos con éxito.
2023-10-14 01:04:05,481 - ERROR - Ocurrió un error: tuple indices must be integers or slices, not str
Traceback (most recent call last):
  File "/Users/franciscomontalvo/Documents/Resumen_Exportaciones/resumen_exportaciones-1/main.py", line 82, in seleccionar_archivo
    variables_desde_totales = datos.totales(df, variables_desde_mes_ano)
  File "/Users/franciscomontalvo/Documents/Resumen_Exportaciones/resumen_exportaciones-1/new.py", line 52, in totales
    mes=vars_from_ano_mes["mes"]
TypeError: tuple indices must be integers or slices, not str

2023-10-14 01:12:26,822 - INFO - Archivo importado con éxito.
2023-10-14 01:12:44,080 - ERROR - Ocurrió un error: index 9 is out of bounds for axis 0 with size 0
Traceback (most recent call last):
  File "/Users/franciscomontalvo/Library/Python/3.9/lib/python/site-packages/pandas/core/indexes/range.py", line 982, in __getitem__
    return self._range[new_key]
IndexError: range object index out of range

The above exception was the direct cause of the following exception:

Traceback (most recent call last):
  File "/Users/franciscomontalvo/Documents/Resumen_Exportaciones/resumen_exportaciones-1/main.py", line 79, in seleccionar_archivo
    variables_desde_mes_ano = datos.mes_ano(df)
  File "/Users/franciscomontalvo/Documents/Resumen_Exportaciones/resumen_exportaciones-1/new.py", line 30, in mes_ano
    nombre_col = df.columns[9]
  File "/Users/franciscomontalvo/Library/Python/3.9/lib/python/site-packages/pandas/core/indexes/range.py", line 984, in __getitem__
    raise IndexError(
IndexError: index 9 is out of bounds for axis 0 with size 0

2023-10-14 01:14:43,054 - INFO - Archivo importado con éxito.
2023-10-14 01:14:43,069 - INFO - Año y mes extraídos con éxito.
2023-10-14 01:14:53,090 - INFO - Datos procesados con éxito.
2023-10-14 01:15:08,452 - INFO - Documento generado con éxito y guardado en /Users/franciscomontalvo/Library/CloudStorage/OneDrive-PROCOLOMBIA/Escritorio/Francisco/Corrección Resumen Export (Doc) (S)/Resumen Exportaciones Enero - Agosto.docx.
2023-10-14 01:20:59,551 - INFO - El usuario canceló la selección de archivo.
2023-10-14 01:23:54,355 - INFO - El usuario canceló la selección de archivo.
2023-10-14 01:28:38,285 - INFO - El usuario canceló la selección de archivo.
2023-10-21 19:56:39,760 - INFO - Archivo importado con éxito.
2023-10-21 19:57:26,268 - ERROR - Ocurrió un error: index 9 is out of bounds for axis 0 with size 0
Traceback (most recent call last):
  File "/Users/franciscomontalvo/Library/Python/3.9/lib/python/site-packages/pandas/core/indexes/range.py", line 982, in __getitem__
    return self._range[new_key]
IndexError: range object index out of range

The above exception was the direct cause of the following exception:

Traceback (most recent call last):
  File "/Users/franciscomontalvo/Documents/Resumen_Exportaciones/resumen_exportaciones-1/main.py", line 90, in seleccionar_archivo
    variables_desde_mes_ano = datos.mes_ano(df)
  File "/Users/franciscomontalvo/Documents/Resumen_Exportaciones/resumen_exportaciones-1/new.py", line 30, in mes_ano
    nombre_col = df.columns[9]
  File "/Users/franciscomontalvo/Library/Python/3.9/lib/python/site-packages/pandas/core/indexes/range.py", line 984, in __getitem__
    raise IndexError(
IndexError: index 9 is out of bounds for axis 0 with size 0

2023-10-21 20:11:51,353 - INFO - Archivo importado con éxito.
2023-10-21 20:11:51,354 - INFO - Año y mes extraídos con éxito.
2023-10-21 20:11:59,798 - INFO - Datos procesados con éxito.
2023-10-21 20:11:59,911 - INFO - Documento generado con éxito y guardado en /Users/franciscomontalvo/Library/CloudStorage/OneDrive-PROCOLOMBIA/Escritorio/Francisco/Corrección Resumen Export (Doc) (S)/Resumen Exportaciones Enero - Agosto.docx.
2023-10-21 20:37:50,171 - INFO - Archivo importado con éxito.
2023-10-21 20:38:10,188 - ERROR - Ocurrió un error: index 9 is out of bounds for axis 0 with size 0
Traceback (most recent call last):
  File "/Users/franciscomontalvo/Library/Python/3.9/lib/python/site-packages/pandas/core/indexes/range.py", line 982, in __getitem__
    return self._range[new_key]
IndexError: range object index out of range

The above exception was the direct cause of the following exception:

Traceback (most recent call last):
  File "/Users/franciscomontalvo/Documents/Resumen_Exportaciones/resumen_exportaciones-1/main.py", line 89, in seleccionar_archivo
    variables_desde_mes_ano = mes_ano(df)
  File "/Users/franciscomontalvo/Documents/Resumen_Exportaciones/resumen_exportaciones-1/procesamiento_datos.py", line 30, in mes_ano
    nombre_col = df.columns[9]
  File "/Users/franciscomontalvo/Library/Python/3.9/lib/python/site-packages/pandas/core/indexes/range.py", line 984, in __getitem__
    raise IndexError(
IndexError: index 9 is out of bounds for axis 0 with size 0

2023-10-21 20:53:19,876 - INFO - Archivo importado con éxito.
2023-10-21 20:53:19,878 - INFO - Año y mes extraídos con éxito.
2023-10-21 20:53:27,536 - ERROR - Ocurrió un error: tuple indices must be integers or slices, not str
Traceback (most recent call last):
  File "/Users/franciscomontalvo/Documents/Resumen_Exportaciones/resumen_exportaciones-1/main.py", line 92, in seleccionar_archivo
    variables_desde_totales = totales(df, variables_desde_mes_ano)
  File "/Users/franciscomontalvo/Documents/Resumen_Exportaciones/resumen_exportaciones-1/procesamiento_datos.py", line 52, in totales
    mes=vars_from_ano_mes["mes"]
TypeError: tuple indices must be integers or slices, not str

2023-10-21 20:56:59,333 - INFO - Archivo importado con éxito.
2023-10-21 20:56:59,336 - INFO - Año y mes extraídos con éxito.
2023-10-21 20:57:04,430 - ERROR - Ocurrió un error: '2023 USD (Ene-Ago)'
Traceback (most recent call last):
  File "/Users/franciscomontalvo/Library/Python/3.9/lib/python/site-packages/pandas/core/indexes/base.py", line 3790, in get_loc
    return self._engine.get_loc(casted_key)
  File "index.pyx", line 152, in pandas._libs.index.IndexEngine.get_loc
  File "index.pyx", line 181, in pandas._libs.index.IndexEngine.get_loc
  File "pandas/_libs/hashtable_class_helper.pxi", line 7080, in pandas._libs.hashtable.PyObjectHashTable.get_item
  File "pandas/_libs/hashtable_class_helper.pxi", line 7088, in pandas._libs.hashtable.PyObjectHashTable.get_item
KeyError: '2023 USD (Ene-Ago)'

The above exception was the direct cause of the following exception:

Traceback (most recent call last):
  File "/Users/franciscomontalvo/Documents/Resumen_Exportaciones/resumen_exportaciones-1/main.py", line 92, in seleccionar_archivo
    variables_desde_totales = totales(df, variables_desde_mes_ano)
  File "/Users/franciscomontalvo/Documents/Resumen_Exportaciones/resumen_exportaciones-1/procesamiento_datos.py", line 65, in totales
    expt_act_tot = totales_df[correlativas[9]].sum()
  File "/Users/franciscomontalvo/Library/Python/3.9/lib/python/site-packages/pandas/core/frame.py", line 3896, in __getitem__
    indexer = self.columns.get_loc(key)
  File "/Users/franciscomontalvo/Library/Python/3.9/lib/python/site-packages/pandas/core/indexes/base.py", line 3797, in get_loc
    raise KeyError(key) from err
KeyError: '2023 USD (Ene-Ago)'

2023-10-21 21:41:12,854 - INFO - Archivo importado con éxito.
2023-10-21 21:41:19,144 - ERROR - Ocurrió un error: index 9 is out of bounds for axis 0 with size 0
Traceback (most recent call last):
  File "/Users/franciscomontalvo/Library/Python/3.9/lib/python/site-packages/pandas/core/indexes/range.py", line 982, in __getitem__
    return self._range[new_key]
IndexError: range object index out of range

The above exception was the direct cause of the following exception:

Traceback (most recent call last):
  File "/Users/franciscomontalvo/Documents/Resumen_Exportaciones/resumen_exportaciones-1/main.py", line 89, in seleccionar_archivo
    variables_desde_mes_ano = mes_ano(df)
  File "/Users/franciscomontalvo/Documents/Resumen_Exportaciones/resumen_exportaciones-1/procesamiento_datos.py", line 30, in mes_ano
    nombre_col = df.columns[9]
  File "/Users/franciscomontalvo/Library/Python/3.9/lib/python/site-packages/pandas/core/indexes/range.py", line 984, in __getitem__
    raise IndexError(
IndexError: index 9 is out of bounds for axis 0 with size 0

2023-11-01 12:59:45,363 - INFO - Archivo importado con éxito.
2023-11-01 12:59:45,364 - INFO - Año y mes extraídos con éxito.
2023-11-01 13:01:09,211 - ERROR - Ocurrió un error: ufunc 'subtract' did not contain a loop with signature matching types (dtype('float64'), dtype('<U1544859')) -> None
Traceback (most recent call last):
  File "/Users/franciscomontalvo/Documents/ProColombia/resumen_exportaciones/main.py", line 92, in seleccionar_archivo
    variables_desde_totales = totales(df, variables_desde_mes_ano)
  File "/Users/franciscomontalvo/Documents/ProColombia/resumen_exportaciones/procesamiento_datos.py", line 68, in totales
    var_exp_tot = ((expt_act_tot - expt_ant_tot) / expt_ant_tot) * 100
numpy.core._exceptions._UFuncNoLoopError: ufunc 'subtract' did not contain a loop with signature matching types (dtype('float64'), dtype('<U1544859')) -> None

2023-11-01 16:16:06,600 - INFO - Archivo importado con éxito.
2023-11-01 16:16:06,601 - INFO - Exito en Mes y Año! El mes es: Agosto y el año es: 2023
2023-11-01 16:16:06,601 - INFO - Año y mes extraídos con éxito.
2023-11-01 16:16:12,511 - ERROR - Ocurrió un error: totales() takes 1 positional argument but 2 were given
Traceback (most recent call last):
  File "/Users/franciscomontalvo/Documents/ProColombia/resumen_exportaciones/main.py", line 105, in seleccionar_archivo
    variables_desde_totales = totales(df, variables_desde_mes_ano)
TypeError: totales() takes 1 positional argument but 2 were given
2023-11-01 16:18:06,239 - INFO - Archivo importado con éxito.
2023-11-01 16:18:06,240 - INFO - Exito en Mes y Año! El mes es: Agosto y el año es: 2023
2023-11-01 16:18:06,240 - INFO - Año y mes extraídos con éxito.
2023-11-01 16:18:22,694 - INFO - El conteo de empresas es: 6395
2023-11-01 16:19:27,094 - ERROR - Ocurrió un error: 'conteo_emp'
Traceback (most recent call last):
  File "/Users/franciscomontalvo/Documents/ProColombia/resumen_exportaciones/main.py", line 106, in seleccionar_archivo
    variables_desde_no_mineras = no_mineras(df, variables_desde_totales)
  File "/Users/franciscomontalvo/Documents/ProColombia/resumen_exportaciones/procesamiento_datos.py", line 121, in no_mineras
    conteo_empresas = vars_from_totales["conteo_emp"]
KeyError: 'conteo_emp'
2023-11-01 16:21:18,522 - INFO - Archivo importado con éxito.
2023-11-01 16:21:18,523 - INFO - Exito en Mes y Año! El mes es: Agosto y el año es: 2023
2023-11-01 16:21:18,523 - INFO - Año y mes extraídos con éxito.
2023-11-01 16:21:36,273 - INFO - El conteo de empresas es: 6395
2023-11-01 16:21:38,336 - INFO - Se procesó el resumen de países exitosamente se tienen los siguientes datosIndex(['COMERCIALIZADORA INTERNACIONAL SUNSHINE BOUQUET COLOMBIA S.A',
       'C I ENERGIA SOLAR  SAS  E. S.  WINDOWS',
       'THE ELITE FLOWER  SAS   C I'],
      dtype='object', name='Razon Social')
2023-11-01 16:21:39,115 - INFO - Se procesó el resumen de países exitosamente se tienen los siguientes datosIndex(['RENAULT SOCIEDAD DE FABRICACION DE AUTOMOTORES S.A.S.',
       'HINO MOTORS MANUFACTURING COLOMBIA S.A.S',
       'COLGATE PALMOLIVE COMPAÑIA'],
      dtype='object', name='Razon Social')
2023-11-01 16:21:39,827 - INFO - Se procesó el resumen de países exitosamente se tienen los siguientes datosIndex(['RENAULT SOCIEDAD DE FABRICACION DE AUTOMOTORES S.A.S.',
       'BUSSCAR DE COLOMBIA S.A.S. EN REORGANIZACION',
       'FEDERACION NACIONAL DE CAFETEROS DE COLOMBIA'],
      dtype='object', name='Razon Social')
2023-11-01 16:21:40,609 - INFO - Se procesó el resumen de países exitosamente se tienen los siguientes datosIndex(['MEXICHEM RESINAS COLOMBIA S.A. S.', 'ESENTTIA S.A.',
       'C I ACEPALMA S A'],
      dtype='object', name='Razon Social')
2023-11-01 16:21:41,193 - INFO - Se procesó el resumen de países exitosamente se tienen los siguientes datosIndex(['COLGATE PALMOLIVE COMPAÑIA', 'BEL-STAR  S.A.', 'ESENTTIA S.A.'], dtype='object', name='Razon Social')
2023-11-01 16:21:41,997 - INFO - Se procesó el resumen de países exitosamente se tienen los siguientes datosIndex(['SUPER DE ALIMENTOS S.A.S.',
       'AGROQUIMICOS SEMILLAS Y EQUIPOS DE RIEGO S.A.', 'ESENTTIA S.A.'],
      dtype='object', name='Razon Social')
2023-11-01 16:21:42,862 - INFO - Se procesó el resumen de países exitosamente se tienen los siguientes datosIndex(['BEL-STAR  S.A.', 'C. I. DE AZUCARES Y MIELES S.A',
       'RED CARNICA  S.A.S.'],
      dtype='object', name='Razon Social')
2023-11-01 16:21:43,880 - INFO - Se procesó el resumen de países exitosamente se tienen los siguientes datosIndex(['C I ACEPALMA S A', 'AVOFRUIT S.A.S.', 'C.I. TOP S.A.'], dtype='object', name='Razon Social')
2023-11-01 16:21:44,526 - INFO - Se procesó el resumen de países exitosamente se tienen los siguientes datosIndex(['FEDERACION NACIONAL DE CAFETEROS DE COLOMBIA', 'SUCAFINA COLOMBIA SAS',
       'COMERCIALIZADORA INTERNACIONAL BANANEROS UNIDOS DE SANTA MAR'],
      dtype='object', name='Razon Social')
2023-11-01 16:21:45,135 - INFO - Se procesó el resumen de países exitosamente se tienen los siguientes datosIndex(['FEDERACION NACIONAL DE CAFETEROS DE COLOMBIA',
       'OLAM AGRO COLOMBIA S.A.S', 'CARCAFE LTDA'],
      dtype='object', name='Razon Social')
2023-11-01 16:21:45,618 - INFO - Se procesó el resumen de países exitosamente se tienen los siguientes datosdict_keys(['Estados Unidos', 'Ecuador', 'México', 'Brasil', 'Perú', 'Venezuela', 'Chile', 'Países Bajos', 'Bélgica', 'Canadá'])
2023-11-01 16:21:48,473 - INFO - Se procesó el resumen de empresas exitosamente se tienen los siguientes datosdict_keys(['FEDERACION NACIONAL DE CAFETEROS DE COLOMBIA', 'COMERCIALIZADORA INTERNACIONAL SUNSHINE BOUQUET COLOMBIA S.A', 'C I ENERGIA SOLAR  SAS  E. S.  WINDOWS', 'ESENTTIA S.A.', 'THE ELITE FLOWER  SAS   C I', 'OLAM AGRO COLOMBIA S.A.S', 'SUCAFINA COLOMBIA SAS', 'C I ACEPALMA S A', 'MEXICHEM RESINAS COLOMBIA S.A. S.', 'RENAULT SOCIEDAD DE FABRICACION DE AUTOMOTORES S.A.S.'])
2023-11-01 16:21:48,744 - INFO - Se procesó el resumen exitosamente
2023-11-01 16:21:50,580 - INFO - Se tienen datos de los siguientes subsectores:dict_keys(['Café verde', 'Flores frescas', 'Acabados para la construcción', 'Plástico en formas primarias', 'Banano', 'Aceite de palma', 'Derivados de café', 'Frutas frescas', 'Desperdicios y desechos de minerales metálicos', 'Azúcar de caña'])
2023-11-01 16:21:50,704 - INFO - Se procesó el resumen de departamentos exitosamente se tienen los siguientes datosIndex(['2022 USD (Ene-Ago)', '2023 USD (Ene-Ago)', 'Variacion_dep',
       'Tendencia', 'Variance Percentage'],
      dtype='object')
2023-11-01 16:21:50,854 - INFO - Se procesó el resumen de Venezuela exitosamente
2023-11-01 16:21:50,891 - INFO - Datos procesados con éxito.
2023-11-01 16:22:02,877 - ERROR - Ocurrió un error: 'var_empresas_resumen'
Traceback (most recent call last):
  File "/Users/franciscomontalvo/Documents/ProColombia/resumen_exportaciones/main.py", line 109, in seleccionar_archivo
    resumen = generar_docx(variables_desde_totales, variables_desde_no_mineras, variables_desde_mes_ano)
  File "/Users/franciscomontalvo/Documents/ProColombia/resumen_exportaciones/procesamiento_en_word.py", line 57, in generar_docx
    var_empresas_resumen=vars_from_no_mineras["var_empresas_resumen"]
KeyError: 'var_empresas_resumen'
2023-11-01 16:29:19,055 - INFO - Archivo importado con éxito.
2023-11-01 16:29:19,056 - INFO - Exito en Mes y Año! El mes es: Agosto y el año es: 2023
2023-11-01 16:29:19,056 - INFO - Año y mes extraídos con éxito.
2023-11-01 16:29:37,837 - INFO - El conteo de empresas es: 6395
2023-11-01 16:29:39,146 - INFO - Se procesó el resumen de países exitosamente se tienen los siguientes datosIndex(['COMERCIALIZADORA INTERNACIONAL SUNSHINE BOUQUET COLOMBIA S.A',
       'C I ENERGIA SOLAR  SAS  E. S.  WINDOWS',
       'THE ELITE FLOWER  SAS   C I'],
      dtype='object', name='Razon Social')
2023-11-01 16:29:39,815 - INFO - Se procesó el resumen de países exitosamente se tienen los siguientes datosIndex(['RENAULT SOCIEDAD DE FABRICACION DE AUTOMOTORES S.A.S.',
       'HINO MOTORS MANUFACTURING COLOMBIA S.A.S',
       'COLGATE PALMOLIVE COMPAÑIA'],
      dtype='object', name='Razon Social')
2023-11-01 16:29:40,438 - INFO - Se procesó el resumen de países exitosamente se tienen los siguientes datosIndex(['RENAULT SOCIEDAD DE FABRICACION DE AUTOMOTORES S.A.S.',
       'BUSSCAR DE COLOMBIA S.A.S. EN REORGANIZACION',
       'FEDERACION NACIONAL DE CAFETEROS DE COLOMBIA'],
      dtype='object', name='Razon Social')
2023-11-01 16:29:40,975 - INFO - Se procesó el resumen de países exitosamente se tienen los siguientes datosIndex(['MEXICHEM RESINAS COLOMBIA S.A. S.', 'ESENTTIA S.A.',
       'C I ACEPALMA S A'],
      dtype='object', name='Razon Social')
2023-11-01 16:29:41,539 - INFO - Se procesó el resumen de países exitosamente se tienen los siguientes datosIndex(['COLGATE PALMOLIVE COMPAÑIA', 'BEL-STAR  S.A.', 'ESENTTIA S.A.'], dtype='object', name='Razon Social')
2023-11-01 16:29:42,075 - INFO - Se procesó el resumen de países exitosamente se tienen los siguientes datosIndex(['SUPER DE ALIMENTOS S.A.S.',
       'AGROQUIMICOS SEMILLAS Y EQUIPOS DE RIEGO S.A.', 'ESENTTIA S.A.'],
      dtype='object', name='Razon Social')
2023-11-01 16:29:42,623 - INFO - Se procesó el resumen de países exitosamente se tienen los siguientes datosIndex(['BEL-STAR  S.A.', 'C. I. DE AZUCARES Y MIELES S.A',
       'RED CARNICA  S.A.S.'],
      dtype='object', name='Razon Social')
2023-11-01 16:29:43,323 - INFO - Se procesó el resumen de países exitosamente se tienen los siguientes datosIndex(['C I ACEPALMA S A', 'AVOFRUIT S.A.S.', 'C.I. TOP S.A.'], dtype='object', name='Razon Social')
2023-11-01 16:29:44,000 - INFO - Se procesó el resumen de países exitosamente se tienen los siguientes datosIndex(['FEDERACION NACIONAL DE CAFETEROS DE COLOMBIA', 'SUCAFINA COLOMBIA SAS',
       'COMERCIALIZADORA INTERNACIONAL BANANEROS UNIDOS DE SANTA MAR'],
      dtype='object', name='Razon Social')
2023-11-01 16:29:44,483 - INFO - Se procesó el resumen de países exitosamente se tienen los siguientes datosIndex(['FEDERACION NACIONAL DE CAFETEROS DE COLOMBIA',
       'OLAM AGRO COLOMBIA S.A.S', 'CARCAFE LTDA'],
      dtype='object', name='Razon Social')
2023-11-01 16:29:44,870 - INFO - Se procesó el resumen de países exitosamente se tienen los siguientes datosdict_keys(['Estados Unidos', 'Ecuador', 'México', 'Brasil', 'Perú', 'Venezuela', 'Chile', 'Países Bajos', 'Bélgica', 'Canadá'])
2023-11-01 16:29:46,599 - INFO - Se procesó el resumen de empresas exitosamente se tienen los siguientes datosdict_keys(['FEDERACION NACIONAL DE CAFETEROS DE COLOMBIA', 'COMERCIALIZADORA INTERNACIONAL SUNSHINE BOUQUET COLOMBIA S.A', 'C I ENERGIA SOLAR  SAS  E. S.  WINDOWS', 'ESENTTIA S.A.', 'THE ELITE FLOWER  SAS   C I', 'OLAM AGRO COLOMBIA S.A.S', 'SUCAFINA COLOMBIA SAS', 'C I ACEPALMA S A', 'MEXICHEM RESINAS COLOMBIA S.A. S.', 'RENAULT SOCIEDAD DE FABRICACION DE AUTOMOTORES S.A.S.'])
2023-11-01 16:29:46,830 - INFO - Se procesó el resumen exitosamente
2023-11-01 16:29:48,012 - INFO - Se tienen datos de los siguientes subsectores:dict_keys(['Café verde', 'Flores frescas', 'Acabados para la construcción', 'Plástico en formas primarias', 'Banano', 'Aceite de palma', 'Derivados de café', 'Frutas frescas', 'Desperdicios y desechos de minerales metálicos', 'Azúcar de caña'])
2023-11-01 16:29:48,110 - INFO - Se procesó el resumen de departamentos exitosamente se tienen los siguientes datosIndex(['2022 USD (Ene-Ago)', '2023 USD (Ene-Ago)', 'Variacion_dep',
       'Tendencia', 'Variance Percentage'],
      dtype='object')
2023-11-01 16:29:48,244 - INFO - Se procesó el resumen de Venezuela exitosamente
2023-11-01 16:29:48,277 - INFO - Datos procesados con éxito.
2023-11-01 16:29:51,440 - ERROR - Ocurrió un error: 'growth_label_venezuela'
Traceback (most recent call last):
  File "/Users/franciscomontalvo/Documents/ProColombia/resumen_exportaciones/main.py", line 109, in seleccionar_archivo
    resumen = generar_docx(variables_desde_totales, variables_desde_no_mineras, variables_desde_mes_ano)
  File "/Users/franciscomontalvo/Documents/ProColombia/resumen_exportaciones/procesamiento_en_word.py", line 75, in generar_docx
    growth_label_venezuela=vars_from_no_mineras["growth_label_venezuela"]
KeyError: 'growth_label_venezuela'
2023-11-01 16:31:21,462 - INFO - Archivo importado con éxito.
2023-11-01 16:31:21,463 - INFO - Exito en Mes y Año! El mes es: Agosto y el año es: 2023
2023-11-01 16:31:21,463 - INFO - Año y mes extraídos con éxito.
2023-11-01 16:31:46,721 - INFO - El conteo de empresas es: 6395
2023-11-01 16:31:48,805 - INFO - Se procesó el resumen de países exitosamente se tienen los siguientes datosIndex(['COMERCIALIZADORA INTERNACIONAL SUNSHINE BOUQUET COLOMBIA S.A',
       'C I ENERGIA SOLAR  SAS  E. S.  WINDOWS',
       'THE ELITE FLOWER  SAS   C I'],
      dtype='object', name='Razon Social')
2023-11-01 16:31:49,536 - INFO - Se procesó el resumen de países exitosamente se tienen los siguientes datosIndex(['RENAULT SOCIEDAD DE FABRICACION DE AUTOMOTORES S.A.S.',
       'HINO MOTORS MANUFACTURING COLOMBIA S.A.S',
       'COLGATE PALMOLIVE COMPAÑIA'],
      dtype='object', name='Razon Social')
2023-11-01 16:31:50,231 - INFO - Se procesó el resumen de países exitosamente se tienen los siguientes datosIndex(['RENAULT SOCIEDAD DE FABRICACION DE AUTOMOTORES S.A.S.',
       'BUSSCAR DE COLOMBIA S.A.S. EN REORGANIZACION',
       'FEDERACION NACIONAL DE CAFETEROS DE COLOMBIA'],
      dtype='object', name='Razon Social')
2023-11-01 16:31:51,179 - INFO - Se procesó el resumen de países exitosamente se tienen los siguientes datosIndex(['MEXICHEM RESINAS COLOMBIA S.A. S.', 'ESENTTIA S.A.',
       'C I ACEPALMA S A'],
      dtype='object', name='Razon Social')
2023-11-01 16:31:52,032 - INFO - Se procesó el resumen de países exitosamente se tienen los siguientes datosIndex(['COLGATE PALMOLIVE COMPAÑIA', 'BEL-STAR  S.A.', 'ESENTTIA S.A.'], dtype='object', name='Razon Social')
2023-11-01 16:31:52,889 - INFO - Se procesó el resumen de países exitosamente se tienen los siguientes datosIndex(['SUPER DE ALIMENTOS S.A.S.',
       'AGROQUIMICOS SEMILLAS Y EQUIPOS DE RIEGO S.A.', 'ESENTTIA S.A.'],
      dtype='object', name='Razon Social')
2023-11-01 16:31:53,836 - INFO - Se procesó el resumen de países exitosamente se tienen los siguientes datosIndex(['BEL-STAR  S.A.', 'C. I. DE AZUCARES Y MIELES S.A',
       'RED CARNICA  S.A.S.'],
      dtype='object', name='Razon Social')
2023-11-01 16:31:55,025 - INFO - Se procesó el resumen de países exitosamente se tienen los siguientes datosIndex(['C I ACEPALMA S A', 'AVOFRUIT S.A.S.', 'C.I. TOP S.A.'], dtype='object', name='Razon Social')
2023-11-01 16:31:55,883 - INFO - Se procesó el resumen de países exitosamente se tienen los siguientes datosIndex(['FEDERACION NACIONAL DE CAFETEROS DE COLOMBIA', 'SUCAFINA COLOMBIA SAS',
       'COMERCIALIZADORA INTERNACIONAL BANANEROS UNIDOS DE SANTA MAR'],
      dtype='object', name='Razon Social')
2023-11-01 16:31:56,583 - INFO - Se procesó el resumen de países exitosamente se tienen los siguientes datosIndex(['FEDERACION NACIONAL DE CAFETEROS DE COLOMBIA',
       'OLAM AGRO COLOMBIA S.A.S', 'CARCAFE LTDA'],
      dtype='object', name='Razon Social')
2023-11-01 16:31:57,085 - INFO - Se procesó el resumen de países exitosamente se tienen los siguientes datosdict_keys(['Estados Unidos', 'Ecuador', 'México', 'Brasil', 'Perú', 'Venezuela', 'Chile', 'Países Bajos', 'Bélgica', 'Canadá'])
2023-11-01 16:31:59,727 - INFO - Se procesó el resumen de empresas exitosamente se tienen los siguientes datosdict_keys(['FEDERACION NACIONAL DE CAFETEROS DE COLOMBIA', 'COMERCIALIZADORA INTERNACIONAL SUNSHINE BOUQUET COLOMBIA S.A', 'C I ENERGIA SOLAR  SAS  E. S.  WINDOWS', 'ESENTTIA S.A.', 'THE ELITE FLOWER  SAS   C I', 'OLAM AGRO COLOMBIA S.A.S', 'SUCAFINA COLOMBIA SAS', 'C I ACEPALMA S A', 'MEXICHEM RESINAS COLOMBIA S.A. S.', 'RENAULT SOCIEDAD DE FABRICACION DE AUTOMOTORES S.A.S.'])
2023-11-01 16:31:59,952 - INFO - Se procesó el resumen exitosamente
2023-11-01 16:32:01,371 - INFO - Se tienen datos de los siguientes subsectores:dict_keys(['Café verde', 'Flores frescas', 'Acabados para la construcción', 'Plástico en formas primarias', 'Banano', 'Aceite de palma', 'Derivados de café', 'Frutas frescas', 'Desperdicios y desechos de minerales metálicos', 'Azúcar de caña'])
2023-11-01 16:32:01,497 - INFO - Se procesó el resumen de departamentos exitosamente se tienen los siguientes datosIndex(['2022 USD (Ene-Ago)', '2023 USD (Ene-Ago)', 'Variacion_dep',
       'Tendencia', 'Variance Percentage'],
      dtype='object')
2023-11-01 16:32:01,641 - INFO - Se procesó el resumen de Venezuela exitosamente
2023-11-01 16:32:01,679 - INFO - Datos procesados con éxito.
2023-11-01 16:32:04,458 - ERROR - Ocurrió un error: 'Venezuela Varianza'
Traceback (most recent call last):
  File "/Users/franciscomontalvo/Documents/ProColombia/resumen_exportaciones/main.py", line 109, in seleccionar_archivo
    resumen = generar_docx(variables_desde_totales, variables_desde_no_mineras, variables_desde_mes_ano)
  File "/Users/franciscomontalvo/Documents/ProColombia/resumen_exportaciones/procesamiento_en_word.py", line 76, in generar_docx
    variation_venezuela=vars_from_no_mineras["Venezuela Varianza"]
KeyError: 'Venezuela Varianza'
2023-11-01 16:32:54,060 - INFO - Archivo importado con éxito.
2023-11-01 16:32:54,061 - INFO - Exito en Mes y Año! El mes es: Agosto y el año es: 2023
2023-11-01 16:32:54,061 - INFO - Año y mes extraídos con éxito.
2023-11-01 16:33:13,229 - INFO - El conteo de empresas es: 6395
2023-11-01 16:33:15,209 - INFO - Se procesó el resumen de países exitosamente se tienen los siguientes datosIndex(['COMERCIALIZADORA INTERNACIONAL SUNSHINE BOUQUET COLOMBIA S.A',
       'C I ENERGIA SOLAR  SAS  E. S.  WINDOWS',
       'THE ELITE FLOWER  SAS   C I'],
      dtype='object', name='Razon Social')
2023-11-01 16:33:15,971 - INFO - Se procesó el resumen de países exitosamente se tienen los siguientes datosIndex(['RENAULT SOCIEDAD DE FABRICACION DE AUTOMOTORES S.A.S.',
       'HINO MOTORS MANUFACTURING COLOMBIA S.A.S',
       'COLGATE PALMOLIVE COMPAÑIA'],
      dtype='object', name='Razon Social')
2023-11-01 16:33:16,716 - INFO - Se procesó el resumen de países exitosamente se tienen los siguientes datosIndex(['RENAULT SOCIEDAD DE FABRICACION DE AUTOMOTORES S.A.S.',
       'BUSSCAR DE COLOMBIA S.A.S. EN REORGANIZACION',
       'FEDERACION NACIONAL DE CAFETEROS DE COLOMBIA'],
      dtype='object', name='Razon Social')
2023-11-01 16:33:17,376 - INFO - Se procesó el resumen de países exitosamente se tienen los siguientes datosIndex(['MEXICHEM RESINAS COLOMBIA S.A. S.', 'ESENTTIA S.A.',
       'C I ACEPALMA S A'],
      dtype='object', name='Razon Social')
2023-11-01 16:33:17,990 - INFO - Se procesó el resumen de países exitosamente se tienen los siguientes datosIndex(['COLGATE PALMOLIVE COMPAÑIA', 'BEL-STAR  S.A.', 'ESENTTIA S.A.'], dtype='object', name='Razon Social')
2023-11-01 16:33:18,629 - INFO - Se procesó el resumen de países exitosamente se tienen los siguientes datosIndex(['SUPER DE ALIMENTOS S.A.S.',
       'AGROQUIMICOS SEMILLAS Y EQUIPOS DE RIEGO S.A.', 'ESENTTIA S.A.'],
      dtype='object', name='Razon Social')
2023-11-01 16:33:19,241 - INFO - Se procesó el resumen de países exitosamente se tienen los siguientes datosIndex(['BEL-STAR  S.A.', 'C. I. DE AZUCARES Y MIELES S.A',
       'RED CARNICA  S.A.S.'],
      dtype='object', name='Razon Social')
2023-11-01 16:33:19,832 - INFO - Se procesó el resumen de países exitosamente se tienen los siguientes datosIndex(['C I ACEPALMA S A', 'AVOFRUIT S.A.S.', 'C.I. TOP S.A.'], dtype='object', name='Razon Social')
2023-11-01 16:33:20,378 - INFO - Se procesó el resumen de países exitosamente se tienen los siguientes datosIndex(['FEDERACION NACIONAL DE CAFETEROS DE COLOMBIA', 'SUCAFINA COLOMBIA SAS',
       'COMERCIALIZADORA INTERNACIONAL BANANEROS UNIDOS DE SANTA MAR'],
      dtype='object', name='Razon Social')
2023-11-01 16:33:20,995 - INFO - Se procesó el resumen de países exitosamente se tienen los siguientes datosIndex(['FEDERACION NACIONAL DE CAFETEROS DE COLOMBIA',
       'OLAM AGRO COLOMBIA S.A.S', 'CARCAFE LTDA'],
      dtype='object', name='Razon Social')
2023-11-01 16:33:21,590 - INFO - Se procesó el resumen de países exitosamente se tienen los siguientes datosdict_keys(['Estados Unidos', 'Ecuador', 'México', 'Brasil', 'Perú', 'Venezuela', 'Chile', 'Países Bajos', 'Bélgica', 'Canadá'])
2023-11-01 16:33:23,738 - INFO - Se procesó el resumen de empresas exitosamente se tienen los siguientes datosdict_keys(['FEDERACION NACIONAL DE CAFETEROS DE COLOMBIA', 'COMERCIALIZADORA INTERNACIONAL SUNSHINE BOUQUET COLOMBIA S.A', 'C I ENERGIA SOLAR  SAS  E. S.  WINDOWS', 'ESENTTIA S.A.', 'THE ELITE FLOWER  SAS   C I', 'OLAM AGRO COLOMBIA S.A.S', 'SUCAFINA COLOMBIA SAS', 'C I ACEPALMA S A', 'MEXICHEM RESINAS COLOMBIA S.A. S.', 'RENAULT SOCIEDAD DE FABRICACION DE AUTOMOTORES S.A.S.'])
2023-11-01 16:33:24,071 - INFO - Se procesó el resumen exitosamente
2023-11-01 16:33:26,031 - INFO - Se tienen datos de los siguientes subsectores:dict_keys(['Café verde', 'Flores frescas', 'Acabados para la construcción', 'Plástico en formas primarias', 'Banano', 'Aceite de palma', 'Derivados de café', 'Frutas frescas', 'Desperdicios y desechos de minerales metálicos', 'Azúcar de caña'])
2023-11-01 16:33:26,179 - INFO - Se procesó el resumen de departamentos exitosamente se tienen los siguientes datosIndex(['2022 USD (Ene-Ago)', '2023 USD (Ene-Ago)', 'Variacion_dep',
       'Tendencia', 'Variance Percentage'],
      dtype='object')
2023-11-01 16:33:26,387 - INFO - Se procesó el resumen de Venezuela exitosamente
2023-11-01 16:33:26,428 - INFO - Datos procesados con éxito.
2023-11-01 16:33:29,535 - ERROR - Ocurrió un error: 'ano_actual'
Traceback (most recent call last):
  File "/Users/franciscomontalvo/Documents/ProColombia/resumen_exportaciones/main.py", line 109, in seleccionar_archivo
    resumen = generar_docx(variables_desde_totales, variables_desde_no_mineras, variables_desde_mes_ano)
  File "/Users/franciscomontalvo/Documents/ProColombia/resumen_exportaciones/procesamiento_en_word.py", line 125, in generar_docx
    nme_10_t=doc.add_heading(f'Top 10 destinos exportaciones no minero energéticas Enero-{vars_from_mes_ano["mes"]} de {vars_from_totales["ano_actual"]} (DANE-DIAN)', 1)
KeyError: 'ano_actual'
2023-11-01 16:35:13,124 - INFO - Archivo importado con éxito.
2023-11-01 16:35:13,125 - INFO - Exito en Mes y Año! El mes es: Agosto y el año es: 2023
2023-11-01 16:35:13,125 - INFO - Año y mes extraídos con éxito.
2023-11-01 16:35:34,151 - INFO - El conteo de empresas es: 6395
2023-11-01 16:35:35,550 - INFO - Se procesó el resumen de países exitosamente se tienen los siguientes datosIndex(['COMERCIALIZADORA INTERNACIONAL SUNSHINE BOUQUET COLOMBIA S.A',
       'C I ENERGIA SOLAR  SAS  E. S.  WINDOWS',
       'THE ELITE FLOWER  SAS   C I'],
      dtype='object', name='Razon Social')
2023-11-01 16:35:36,298 - INFO - Se procesó el resumen de países exitosamente se tienen los siguientes datosIndex(['RENAULT SOCIEDAD DE FABRICACION DE AUTOMOTORES S.A.S.',
       'HINO MOTORS MANUFACTURING COLOMBIA S.A.S',
       'COLGATE PALMOLIVE COMPAÑIA'],
      dtype='object', name='Razon Social')
2023-11-01 16:35:37,329 - INFO - Se procesó el resumen de países exitosamente se tienen los siguientes datosIndex(['RENAULT SOCIEDAD DE FABRICACION DE AUTOMOTORES S.A.S.',
       'BUSSCAR DE COLOMBIA S.A.S. EN REORGANIZACION',
       'FEDERACION NACIONAL DE CAFETEROS DE COLOMBIA'],
      dtype='object', name='Razon Social')
2023-11-01 16:35:37,953 - INFO - Se procesó el resumen de países exitosamente se tienen los siguientes datosIndex(['MEXICHEM RESINAS COLOMBIA S.A. S.', 'ESENTTIA S.A.',
       'C I ACEPALMA S A'],
      dtype='object', name='Razon Social')
2023-11-01 16:35:38,499 - INFO - Se procesó el resumen de países exitosamente se tienen los siguientes datosIndex(['COLGATE PALMOLIVE COMPAÑIA', 'BEL-STAR  S.A.', 'ESENTTIA S.A.'], dtype='object', name='Razon Social')
2023-11-01 16:35:39,274 - INFO - Se procesó el resumen de países exitosamente se tienen los siguientes datosIndex(['SUPER DE ALIMENTOS S.A.S.',
       'AGROQUIMICOS SEMILLAS Y EQUIPOS DE RIEGO S.A.', 'ESENTTIA S.A.'],
      dtype='object', name='Razon Social')
2023-11-01 16:35:39,801 - INFO - Se procesó el resumen de países exitosamente se tienen los siguientes datosIndex(['BEL-STAR  S.A.', 'C. I. DE AZUCARES Y MIELES S.A',
       'RED CARNICA  S.A.S.'],
      dtype='object', name='Razon Social')
2023-11-01 16:35:40,308 - INFO - Se procesó el resumen de países exitosamente se tienen los siguientes datosIndex(['C I ACEPALMA S A', 'AVOFRUIT S.A.S.', 'C.I. TOP S.A.'], dtype='object', name='Razon Social')
2023-11-01 16:35:40,779 - INFO - Se procesó el resumen de países exitosamente se tienen los siguientes datosIndex(['FEDERACION NACIONAL DE CAFETEROS DE COLOMBIA', 'SUCAFINA COLOMBIA SAS',
       'COMERCIALIZADORA INTERNACIONAL BANANEROS UNIDOS DE SANTA MAR'],
      dtype='object', name='Razon Social')
2023-11-01 16:35:41,335 - INFO - Se procesó el resumen de países exitosamente se tienen los siguientes datosIndex(['FEDERACION NACIONAL DE CAFETEROS DE COLOMBIA',
       'OLAM AGRO COLOMBIA S.A.S', 'CARCAFE LTDA'],
      dtype='object', name='Razon Social')
2023-11-01 16:35:41,733 - INFO - Se procesó el resumen de países exitosamente se tienen los siguientes datosdict_keys(['Estados Unidos', 'Ecuador', 'México', 'Brasil', 'Perú', 'Venezuela', 'Chile', 'Países Bajos', 'Bélgica', 'Canadá'])
2023-11-01 16:35:43,369 - INFO - Se procesó el resumen de empresas exitosamente se tienen los siguientes datosdict_keys(['FEDERACION NACIONAL DE CAFETEROS DE COLOMBIA', 'COMERCIALIZADORA INTERNACIONAL SUNSHINE BOUQUET COLOMBIA S.A', 'C I ENERGIA SOLAR  SAS  E. S.  WINDOWS', 'ESENTTIA S.A.', 'THE ELITE FLOWER  SAS   C I', 'OLAM AGRO COLOMBIA S.A.S', 'SUCAFINA COLOMBIA SAS', 'C I ACEPALMA S A', 'MEXICHEM RESINAS COLOMBIA S.A. S.', 'RENAULT SOCIEDAD DE FABRICACION DE AUTOMOTORES S.A.S.'])
2023-11-01 16:35:43,613 - INFO - Se procesó el resumen exitosamente
2023-11-01 16:35:45,029 - INFO - Se tienen datos de los siguientes subsectores:dict_keys(['Café verde', 'Flores frescas', 'Acabados para la construcción', 'Plástico en formas primarias', 'Banano', 'Aceite de palma', 'Derivados de café', 'Frutas frescas', 'Desperdicios y desechos de minerales metálicos', 'Azúcar de caña'])
2023-11-01 16:35:45,289 - INFO - Se procesó el resumen de departamentos exitosamente se tienen los siguientes datosIndex(['2022 USD (Ene-Ago)', '2023 USD (Ene-Ago)', 'Variacion_dep',
       'Tendencia', 'Variance Percentage'],
      dtype='object')
2023-11-01 16:35:45,514 - INFO - Se procesó el resumen de Venezuela exitosamente
2023-11-01 16:35:45,570 - INFO - Datos procesados con éxito.
2023-11-01 16:35:46,847 - INFO - Documento generado con éxito y guardado en /Users/franciscomontalvo/Library/CloudStorage/OneDrive-PROCOLOMBIA/Escritorio/Francisco/Corrección Resumen Export (Doc) (S)/Resumen Exportaciones Enero - Agosto.docx.
2023-11-01 16:52:32,576 - INFO - Archivo importado con éxito.
2023-11-01 16:52:32,577 - INFO - Exito en Mes y Año! El mes es: Agosto y el año es: 2023
2023-11-01 16:52:32,577 - INFO - Año y mes extraídos con éxito.
2023-11-01 16:52:51,254 - INFO - El conteo de empresas es: 6395
2023-11-01 16:52:52,942 - INFO - Se procesó el resumen de países exitosamente se tienen los siguientes datosIndex(['COMERCIALIZADORA INTERNACIONAL SUNSHINE BOUQUET COLOMBIA S.A',
       'C I ENERGIA SOLAR  SAS  E. S.  WINDOWS',
       'THE ELITE FLOWER  SAS   C I'],
      dtype='object', name='Razon Social')
2023-11-01 16:52:54,345 - INFO - Se procesó el resumen de países exitosamente se tienen los siguientes datosIndex(['RENAULT SOCIEDAD DE FABRICACION DE AUTOMOTORES S.A.S.',
       'HINO MOTORS MANUFACTURING COLOMBIA S.A.S',
       'COLGATE PALMOLIVE COMPAÑIA'],
      dtype='object', name='Razon Social')
2023-11-01 16:52:55,425 - INFO - Se procesó el resumen de países exitosamente se tienen los siguientes datosIndex(['RENAULT SOCIEDAD DE FABRICACION DE AUTOMOTORES S.A.S.',
       'BUSSCAR DE COLOMBIA S.A.S. EN REORGANIZACION',
       'FEDERACION NACIONAL DE CAFETEROS DE COLOMBIA'],
      dtype='object', name='Razon Social')
2023-11-01 16:52:56,630 - INFO - Se procesó el resumen de países exitosamente se tienen los siguientes datosIndex(['MEXICHEM RESINAS COLOMBIA S.A. S.', 'ESENTTIA S.A.',
       'C I ACEPALMA S A'],
      dtype='object', name='Razon Social')
2023-11-01 16:52:57,653 - INFO - Se procesó el resumen de países exitosamente se tienen los siguientes datosIndex(['COLGATE PALMOLIVE COMPAÑIA', 'BEL-STAR  S.A.', 'ESENTTIA S.A.'], dtype='object', name='Razon Social')
2023-11-01 16:52:58,939 - INFO - Se procesó el resumen de países exitosamente se tienen los siguientes datosIndex(['SUPER DE ALIMENTOS S.A.S.',
       'AGROQUIMICOS SEMILLAS Y EQUIPOS DE RIEGO S.A.', 'ESENTTIA S.A.'],
      dtype='object', name='Razon Social')
2023-11-01 16:52:59,722 - INFO - Se procesó el resumen de países exitosamente se tienen los siguientes datosIndex(['BEL-STAR  S.A.', 'C. I. DE AZUCARES Y MIELES S.A',
       'RED CARNICA  S.A.S.'],
      dtype='object', name='Razon Social')
2023-11-01 16:53:00,372 - INFO - Se procesó el resumen de países exitosamente se tienen los siguientes datosIndex(['C I ACEPALMA S A', 'AVOFRUIT S.A.S.', 'C.I. TOP S.A.'], dtype='object', name='Razon Social')
2023-11-01 16:53:01,021 - INFO - Se procesó el resumen de países exitosamente se tienen los siguientes datosIndex(['FEDERACION NACIONAL DE CAFETEROS DE COLOMBIA', 'SUCAFINA COLOMBIA SAS',
       'COMERCIALIZADORA INTERNACIONAL BANANEROS UNIDOS DE SANTA MAR'],
      dtype='object', name='Razon Social')
2023-11-01 16:53:01,806 - INFO - Se procesó el resumen de países exitosamente se tienen los siguientes datosIndex(['FEDERACION NACIONAL DE CAFETEROS DE COLOMBIA',
       'OLAM AGRO COLOMBIA S.A.S', 'CARCAFE LTDA'],
      dtype='object', name='Razon Social')
2023-11-01 16:53:02,275 - INFO - Se procesó el resumen de países exitosamente se tienen los siguientes datosdict_keys(['Estados Unidos', 'Ecuador', 'México', 'Brasil', 'Perú', 'Venezuela', 'Chile', 'Países Bajos', 'Bélgica', 'Canadá'])
2023-11-01 16:53:04,384 - INFO - Se procesó el resumen de empresas exitosamente se tienen los siguientes datosdict_keys(['FEDERACION NACIONAL DE CAFETEROS DE COLOMBIA', 'COMERCIALIZADORA INTERNACIONAL SUNSHINE BOUQUET COLOMBIA S.A', 'C I ENERGIA SOLAR  SAS  E. S.  WINDOWS', 'ESENTTIA S.A.', 'THE ELITE FLOWER  SAS   C I', 'OLAM AGRO COLOMBIA S.A.S', 'SUCAFINA COLOMBIA SAS', 'C I ACEPALMA S A', 'MEXICHEM RESINAS COLOMBIA S.A. S.', 'RENAULT SOCIEDAD DE FABRICACION DE AUTOMOTORES S.A.S.'])
2023-11-01 16:53:04,715 - INFO - Se procesó el resumen exitosamente
2023-11-01 16:53:06,363 - INFO - Se tienen datos de los siguientes subsectores:dict_keys(['Café verde', 'Flores frescas', 'Acabados para la construcción', 'Plástico en formas primarias', 'Banano', 'Aceite de palma', 'Derivados de café', 'Frutas frescas', 'Desperdicios y desechos de minerales metálicos', 'Azúcar de caña'])
2023-11-01 16:53:06,487 - INFO - Se procesó el resumen de departamentos exitosamente se tienen los siguientes datosIndex(['2022 USD (Ene-Ago)', '2023 USD (Ene-Ago)', 'Variacion_dep',
       'Tendencia', 'Variance Percentage'],
      dtype='object')
2023-11-01 16:53:06,675 - INFO - Se procesó el resumen de Venezuela exitosamente
2023-11-01 16:53:06,712 - INFO - Datos procesados con éxito.
2023-11-01 16:53:38,091 - ERROR - Ocurrió un error: local variable 'value_in_millions' referenced before assignment
Traceback (most recent call last):
  File "/Users/franciscomontalvo/Documents/ProColombia/resumen_exportaciones/main.py", line 109, in seleccionar_archivo
    resumen = generar_docx(variables_desde_totales, variables_desde_no_mineras, variables_desde_mes_ano)
  File "/Users/franciscomontalvo/Documents/ProColombia/resumen_exportaciones/procesamiento_en_word.py", line 102, in generar_docx
    p.add_run(f"Las cifras Enero - {mes} de {ano}, las exportaciones totales de Colombia fueron USD$ {format_to_millions(expt_act_tot)} millones, con un {tagvar_tot} del {var_exp_tot:.1f}% frente al mismo periodo de {vars_from_mes_ano['ano_ant']} USD$ {format_to_millions(expt_ant_tot)} millones.")
  File "/Users/franciscomontalvo/Documents/ProColombia/resumen_exportaciones/procesamiento_en_word.py", line 258, in format_to_millions
    return '{:,.1f}'.format(value_in_millions)
UnboundLocalError: local variable 'value_in_millions' referenced before assignment
2023-11-01 16:58:57,216 - INFO - Archivo importado con éxito.
2023-11-01 16:58:57,217 - INFO - Exito en Mes y Año! El mes es: Agosto y el año es: 2023
2023-11-01 16:58:57,217 - INFO - Año y mes extraídos con éxito.
2023-11-01 16:59:16,132 - INFO - El conteo de empresas es: 6395
2023-11-01 16:59:17,960 - INFO - Se procesó el resumen de países exitosamente se tienen los siguientes datosIndex(['COMERCIALIZADORA INTERNACIONAL SUNSHINE BOUQUET COLOMBIA S.A',
       'C I ENERGIA SOLAR  SAS  E. S.  WINDOWS',
       'THE ELITE FLOWER  SAS   C I'],
      dtype='object', name='Razon Social')
2023-11-01 16:59:18,679 - INFO - Se procesó el resumen de países exitosamente se tienen los siguientes datosIndex(['RENAULT SOCIEDAD DE FABRICACION DE AUTOMOTORES S.A.S.',
       'HINO MOTORS MANUFACTURING COLOMBIA S.A.S',
       'COLGATE PALMOLIVE COMPAÑIA'],
      dtype='object', name='Razon Social')
2023-11-01 16:59:19,364 - INFO - Se procesó el resumen de países exitosamente se tienen los siguientes datosIndex(['RENAULT SOCIEDAD DE FABRICACION DE AUTOMOTORES S.A.S.',
       'BUSSCAR DE COLOMBIA S.A.S. EN REORGANIZACION',
       'FEDERACION NACIONAL DE CAFETEROS DE COLOMBIA'],
      dtype='object', name='Razon Social')
2023-11-01 16:59:19,942 - INFO - Se procesó el resumen de países exitosamente se tienen los siguientes datosIndex(['MEXICHEM RESINAS COLOMBIA S.A. S.', 'ESENTTIA S.A.',
       'C I ACEPALMA S A'],
      dtype='object', name='Razon Social')
2023-11-01 16:59:20,524 - INFO - Se procesó el resumen de países exitosamente se tienen los siguientes datosIndex(['COLGATE PALMOLIVE COMPAÑIA', 'BEL-STAR  S.A.', 'ESENTTIA S.A.'], dtype='object', name='Razon Social')
2023-11-01 16:59:21,081 - INFO - Se procesó el resumen de países exitosamente se tienen los siguientes datosIndex(['SUPER DE ALIMENTOS S.A.S.',
       'AGROQUIMICOS SEMILLAS Y EQUIPOS DE RIEGO S.A.', 'ESENTTIA S.A.'],
      dtype='object', name='Razon Social')
2023-11-01 16:59:21,785 - INFO - Se procesó el resumen de países exitosamente se tienen los siguientes datosIndex(['BEL-STAR  S.A.', 'C. I. DE AZUCARES Y MIELES S.A',
       'RED CARNICA  S.A.S.'],
      dtype='object', name='Razon Social')
2023-11-01 16:59:22,671 - INFO - Se procesó el resumen de países exitosamente se tienen los siguientes datosIndex(['C I ACEPALMA S A', 'AVOFRUIT S.A.S.', 'C.I. TOP S.A.'], dtype='object', name='Razon Social')
2023-11-01 16:59:23,179 - INFO - Se procesó el resumen de países exitosamente se tienen los siguientes datosIndex(['FEDERACION NACIONAL DE CAFETEROS DE COLOMBIA', 'SUCAFINA COLOMBIA SAS',
       'COMERCIALIZADORA INTERNACIONAL BANANEROS UNIDOS DE SANTA MAR'],
      dtype='object', name='Razon Social')
2023-11-01 16:59:23,925 - INFO - Se procesó el resumen de países exitosamente se tienen los siguientes datosIndex(['FEDERACION NACIONAL DE CAFETEROS DE COLOMBIA',
       'OLAM AGRO COLOMBIA S.A.S', 'CARCAFE LTDA'],
      dtype='object', name='Razon Social')
2023-11-01 16:59:24,480 - INFO - Se procesó el resumen de países exitosamente se tienen los siguientes datosdict_keys(['Estados Unidos', 'Ecuador', 'México', 'Brasil', 'Perú', 'Venezuela', 'Chile', 'Países Bajos', 'Bélgica', 'Canadá'])
2023-11-01 16:59:26,851 - INFO - Se procesó el resumen de empresas exitosamente se tienen los siguientes datosdict_keys(['FEDERACION NACIONAL DE CAFETEROS DE COLOMBIA', 'COMERCIALIZADORA INTERNACIONAL SUNSHINE BOUQUET COLOMBIA S.A', 'C I ENERGIA SOLAR  SAS  E. S.  WINDOWS', 'ESENTTIA S.A.', 'THE ELITE FLOWER  SAS   C I', 'OLAM AGRO COLOMBIA S.A.S', 'SUCAFINA COLOMBIA SAS', 'C I ACEPALMA S A', 'MEXICHEM RESINAS COLOMBIA S.A. S.', 'RENAULT SOCIEDAD DE FABRICACION DE AUTOMOTORES S.A.S.'])
2023-11-01 16:59:27,091 - INFO - Se procesó el resumen exitosamente
2023-11-01 16:59:28,707 - INFO - Se tienen datos de los siguientes subsectores:dict_keys(['Café verde', 'Flores frescas', 'Acabados para la construcción', 'Plástico en formas primarias', 'Banano', 'Aceite de palma', 'Derivados de café', 'Frutas frescas', 'Desperdicios y desechos de minerales metálicos', 'Azúcar de caña'])
2023-11-01 16:59:28,866 - INFO - Se procesó el resumen de departamentos exitosamente se tienen los siguientes datosIndex(['2022 USD (Ene-Ago)', '2023 USD (Ene-Ago)', 'Variacion_dep',
       'Tendencia', 'Variance Percentage'],
      dtype='object')
2023-11-01 16:59:29,063 - INFO - Se procesó el resumen de Venezuela exitosamente
2023-11-01 16:59:29,098 - INFO - Datos procesados con éxito.
2023-11-01 16:59:29,193 - INFO - Documento generado con éxito y guardado en /Users/franciscomontalvo/Library/CloudStorage/OneDrive-PROCOLOMBIA/Escritorio/Francisco/Corrección Resumen Export (Doc) (S)/Resumen Exportaciones Enero - Agosto.docx.
2023-11-01 17:12:09,678 - INFO - Datos importados correctamente desde el archivo: /Users/franciscomontalvo/Library/CloudStorage/OneDrive-PROCOLOMBIA/Escritorio/Francisco/Corrección Resumen Export (Doc) (S)/Base_Ago.csv
2023-11-01 17:12:09,678 - INFO - Archivo importado con éxito.
2023-11-01 17:12:09,680 - INFO - Exito en Mes y Año! El mes es: Agosto y el año es: 2023
2023-11-01 17:12:09,680 - INFO - Año y mes extraídos con éxito.
2023-11-01 17:12:42,976 - INFO - El conteo de empresas es: 6395
2023-11-01 17:12:47,702 - INFO - Se procesó el resumen de países exitosamente se tienen los siguientes datosIndex(['COMERCIALIZADORA INTERNACIONAL SUNSHINE BOUQUET COLOMBIA S.A',
       'C I ENERGIA SOLAR  SAS  E. S.  WINDOWS',
       'THE ELITE FLOWER  SAS   C I'],
      dtype='object', name='Razon Social')
2023-11-01 17:12:49,131 - INFO - Se procesó el resumen de países exitosamente se tienen los siguientes datosIndex(['RENAULT SOCIEDAD DE FABRICACION DE AUTOMOTORES S.A.S.',
       'HINO MOTORS MANUFACTURING COLOMBIA S.A.S',
       'COLGATE PALMOLIVE COMPAÑIA'],
      dtype='object', name='Razon Social')
2023-11-01 17:12:50,239 - INFO - Se procesó el resumen de países exitosamente se tienen los siguientes datosIndex(['RENAULT SOCIEDAD DE FABRICACION DE AUTOMOTORES S.A.S.',
       'BUSSCAR DE COLOMBIA S.A.S. EN REORGANIZACION',
       'FEDERACION NACIONAL DE CAFETEROS DE COLOMBIA'],
      dtype='object', name='Razon Social')
2023-11-01 17:12:51,241 - INFO - Se procesó el resumen de países exitosamente se tienen los siguientes datosIndex(['MEXICHEM RESINAS COLOMBIA S.A. S.', 'ESENTTIA S.A.',
       'C I ACEPALMA S A'],
      dtype='object', name='Razon Social')
2023-11-01 17:12:52,622 - INFO - Se procesó el resumen de países exitosamente se tienen los siguientes datosIndex(['COLGATE PALMOLIVE COMPAÑIA', 'BEL-STAR  S.A.', 'ESENTTIA S.A.'], dtype='object', name='Razon Social')
2023-11-01 17:12:54,006 - INFO - Se procesó el resumen de países exitosamente se tienen los siguientes datosIndex(['SUPER DE ALIMENTOS S.A.S.',
       'AGROQUIMICOS SEMILLAS Y EQUIPOS DE RIEGO S.A.', 'ESENTTIA S.A.'],
      dtype='object', name='Razon Social')
2023-11-01 17:12:55,739 - INFO - Se procesó el resumen de países exitosamente se tienen los siguientes datosIndex(['BEL-STAR  S.A.', 'C. I. DE AZUCARES Y MIELES S.A',
       'RED CARNICA  S.A.S.'],
      dtype='object', name='Razon Social')
2023-11-01 17:12:57,369 - INFO - Se procesó el resumen de países exitosamente se tienen los siguientes datosIndex(['C I ACEPALMA S A', 'AVOFRUIT S.A.S.', 'C.I. TOP S.A.'], dtype='object', name='Razon Social')
2023-11-01 17:12:59,082 - INFO - Se procesó el resumen de países exitosamente se tienen los siguientes datosIndex(['FEDERACION NACIONAL DE CAFETEROS DE COLOMBIA', 'SUCAFINA COLOMBIA SAS',
       'COMERCIALIZADORA INTERNACIONAL BANANEROS UNIDOS DE SANTA MAR'],
      dtype='object', name='Razon Social')
2023-11-01 17:12:59,830 - INFO - Se procesó el resumen de países exitosamente se tienen los siguientes datosIndex(['FEDERACION NACIONAL DE CAFETEROS DE COLOMBIA',
       'OLAM AGRO COLOMBIA S.A.S', 'CARCAFE LTDA'],
      dtype='object', name='Razon Social')
2023-11-01 17:13:00,781 - INFO - Se procesó el resumen de países exitosamente se tienen los siguientes datosdict_keys(['Estados Unidos', 'Ecuador', 'México', 'Brasil', 'Perú', 'Venezuela', 'Chile', 'Países Bajos', 'Bélgica', 'Canadá'])
2023-11-01 17:13:04,378 - INFO - Se procesó el resumen de empresas exitosamente se tienen los siguientes datosdict_keys(['FEDERACION NACIONAL DE CAFETEROS DE COLOMBIA', 'COMERCIALIZADORA INTERNACIONAL SUNSHINE BOUQUET COLOMBIA S.A', 'C I ENERGIA SOLAR  SAS  E. S.  WINDOWS', 'ESENTTIA S.A.', 'THE ELITE FLOWER  SAS   C I', 'OLAM AGRO COLOMBIA S.A.S', 'SUCAFINA COLOMBIA SAS', 'C I ACEPALMA S A', 'MEXICHEM RESINAS COLOMBIA S.A. S.', 'RENAULT SOCIEDAD DE FABRICACION DE AUTOMOTORES S.A.S.'])
2023-11-01 17:13:04,818 - INFO - Se procesó el resumen exitosamente
2023-11-01 17:13:07,149 - INFO - Se tienen datos de los siguientes subsectores:dict_keys(['Café verde', 'Flores frescas', 'Acabados para la construcción', 'Plástico en formas primarias', 'Banano', 'Aceite de palma', 'Derivados de café', 'Frutas frescas', 'Desperdicios y desechos de minerales metálicos', 'Azúcar de caña'])
2023-11-01 17:13:07,359 - INFO - Se procesó el resumen de departamentos exitosamente se tienen los siguientes datosIndex(['2022 USD (Ene-Ago)', '2023 USD (Ene-Ago)', 'Variacion_dep',
       'Tendencia', 'Variance Percentage'],
      dtype='object')
2023-11-01 17:13:07,618 - INFO - Se procesó el resumen de Venezuela exitosamente
2023-11-01 17:13:07,667 - INFO - Datos procesados con éxito.
2023-11-01 17:13:07,791 - INFO - Documento generado con éxito y guardado en /Users/franciscomontalvo/Library/CloudStorage/OneDrive-PROCOLOMBIA/Escritorio/Francisco/Corrección Resumen Export (Doc) (S)/Resumen Exportaciones Enero - Agosto.docx.
2023-11-01 17:59:24,976 - INFO - Datos importados correctamente desde el archivo: /Users/franciscomontalvo/Library/CloudStorage/OneDrive-PROCOLOMBIA/Escritorio/Francisco/Corrección Resumen Export (Doc) (S)/Base_Ago.csv
2023-11-01 17:59:24,977 - INFO - Archivo importado con éxito.
2023-11-01 17:59:24,978 - INFO - Exito en Mes y Año! El mes es: Agosto y el año es: 2023
2023-11-01 17:59:24,979 - INFO - Año y mes extraídos con éxito.
2023-11-01 18:00:12,555 - INFO - El conteo de empresas es: 6395
2023-11-01 18:00:17,706 - INFO - Se procesó el resumen de países exitosamente se tienen los siguientes datosIndex(['COMERCIALIZADORA INTERNACIONAL SUNSHINE BOUQUET COLOMBIA S.A',
       'C I ENERGIA SOLAR  SAS  E. S.  WINDOWS',
       'THE ELITE FLOWER  SAS   C I'],
      dtype='object', name='Razon Social')
2023-11-01 18:00:20,371 - INFO - Se procesó el resumen de países exitosamente se tienen los siguientes datosIndex(['RENAULT SOCIEDAD DE FABRICACION DE AUTOMOTORES S.A.S.',
       'HINO MOTORS MANUFACTURING COLOMBIA S.A.S',
       'COLGATE PALMOLIVE COMPAÑIA'],
      dtype='object', name='Razon Social')
2023-11-01 18:00:22,883 - INFO - Se procesó el resumen de países exitosamente se tienen los siguientes datosIndex(['RENAULT SOCIEDAD DE FABRICACION DE AUTOMOTORES S.A.S.',
       'BUSSCAR DE COLOMBIA S.A.S. EN REORGANIZACION',
       'FEDERACION NACIONAL DE CAFETEROS DE COLOMBIA'],
      dtype='object', name='Razon Social')
2023-11-01 18:00:24,555 - INFO - Se procesó el resumen de países exitosamente se tienen los siguientes datosIndex(['MEXICHEM RESINAS COLOMBIA S.A. S.', 'ESENTTIA S.A.',
       'C I ACEPALMA S A'],
      dtype='object', name='Razon Social')
2023-11-01 18:00:26,164 - INFO - Se procesó el resumen de países exitosamente se tienen los siguientes datosIndex(['COLGATE PALMOLIVE COMPAÑIA', 'BEL-STAR  S.A.', 'ESENTTIA S.A.'], dtype='object', name='Razon Social')
2023-11-01 18:00:28,027 - INFO - Se procesó el resumen de países exitosamente se tienen los siguientes datosIndex(['SUPER DE ALIMENTOS S.A.S.',
       'AGROQUIMICOS SEMILLAS Y EQUIPOS DE RIEGO S.A.', 'ESENTTIA S.A.'],
      dtype='object', name='Razon Social')
2023-11-01 18:00:30,341 - INFO - Se procesó el resumen de países exitosamente se tienen los siguientes datosIndex(['BEL-STAR  S.A.', 'C. I. DE AZUCARES Y MIELES S.A',
       'RED CARNICA  S.A.S.'],
      dtype='object', name='Razon Social')
2023-11-01 18:00:32,012 - INFO - Se procesó el resumen de países exitosamente se tienen los siguientes datosIndex(['C I ACEPALMA S A', 'AVOFRUIT S.A.S.', 'C.I. TOP S.A.'], dtype='object', name='Razon Social')
2023-11-01 18:00:33,700 - INFO - Se procesó el resumen de países exitosamente se tienen los siguientes datosIndex(['FEDERACION NACIONAL DE CAFETEROS DE COLOMBIA', 'SUCAFINA COLOMBIA SAS',
       'COMERCIALIZADORA INTERNACIONAL BANANEROS UNIDOS DE SANTA MAR'],
      dtype='object', name='Razon Social')
2023-11-01 18:00:35,748 - INFO - Se procesó el resumen de países exitosamente se tienen los siguientes datosIndex(['FEDERACION NACIONAL DE CAFETEROS DE COLOMBIA',
       'OLAM AGRO COLOMBIA S.A.S', 'CARCAFE LTDA'],
      dtype='object', name='Razon Social')
2023-11-01 18:00:37,154 - INFO - Se procesó el resumen de países exitosamente se tienen los siguientes datosdict_keys(['Estados Unidos', 'Ecuador', 'México', 'Brasil', 'Perú', 'Venezuela', 'Chile', 'Países Bajos', 'Bélgica', 'Canadá'])
2023-11-01 18:00:43,916 - INFO - Se procesó el resumen de empresas exitosamente se tienen los siguientes datosdict_keys(['FEDERACION NACIONAL DE CAFETEROS DE COLOMBIA', 'COMERCIALIZADORA INTERNACIONAL SUNSHINE BOUQUET COLOMBIA S.A', 'C I ENERGIA SOLAR  SAS  E. S.  WINDOWS', 'ESENTTIA S.A.', 'THE ELITE FLOWER  SAS   C I', 'OLAM AGRO COLOMBIA S.A.S', 'SUCAFINA COLOMBIA SAS', 'C I ACEPALMA S A', 'MEXICHEM RESINAS COLOMBIA S.A. S.', 'RENAULT SOCIEDAD DE FABRICACION DE AUTOMOTORES S.A.S.'])
2023-11-01 18:00:44,556 - INFO - Se procesó el resumen exitosamente
2023-11-01 18:00:47,842 - INFO - Se tienen datos de los siguientes subsectores:dict_keys(['Café verde', 'Flores frescas', 'Acabados para la construcción', 'Plástico en formas primarias', 'Banano', 'Aceite de palma', 'Derivados de café', 'Frutas frescas', 'Desperdicios y desechos de minerales metálicos', 'Azúcar de caña'])
2023-11-01 18:00:48,026 - INFO - Se procesó el resumen de departamentos exitosamente se tienen los siguientes datosIndex(['2022 USD (Ene-Ago)', '2023 USD (Ene-Ago)', 'Variacion_dep',
       'Tendencia', 'Variance Percentage'],
      dtype='object')
2023-11-01 18:00:48,289 - INFO - Se procesó el resumen de Venezuela exitosamente
2023-11-01 18:00:48,350 - INFO - Datos procesados con éxito.
2023-11-01 18:00:48,390 - INFO - Documento de Word inicializado.
2023-11-01 18:00:48,438 - INFO - Resumen inicial procesado exitosamente .
2023-11-01 18:00:48,490 - INFO - Se generó el resumen de los destinos
2023-11-01 18:00:48,526 - INFO - Se generó el resumen de las empresas
2023-11-01 18:00:48,571 - INFO - Se generó el resumen de los productos
2023-11-01 18:00:48,615 - INFO - Se generó el resumen de los departamentos
2023-11-01 18:00:48,631 - INFO - Se generó el resumen de Venezuela
2023-11-01 18:00:48,679 - INFO - Documento generado con éxito y guardado en /Users/franciscomontalvo/Library/CloudStorage/OneDrive-PROCOLOMBIA/Escritorio/Francisco/Corrección Resumen Export (Doc) (S)/Resumen Exportaciones Enero - Agosto.docx.
2023-11-01 18:19:06,056 - ERROR - Ocurrió un error: _log() got an unexpected keyword argument 'exec_info'
Traceback (most recent call last):
  File "/Users/franciscomontalvo/Documents/ProColombia/resumen_exportaciones/importar.py", line 73, in import_data_from_excel
    df = pd.read_excel(file_path, sheet_name=1, engine='pyxlsb', header=5,
  File "/Users/franciscomontalvo/Library/Python/3.9/lib/python/site-packages/pandas/io/excel/_base.py", line 517, in read_excel
    data = io.parse(
  File "/Users/franciscomontalvo/Library/Python/3.9/lib/python/site-packages/pandas/io/excel/_base.py", line 1629, in parse
    return self._reader.parse(
  File "/Users/franciscomontalvo/Library/Python/3.9/lib/python/site-packages/pandas/io/excel/_base.py", line 931, in parse
    raise err
  File "/Users/franciscomontalvo/Library/Python/3.9/lib/python/site-packages/pandas/io/excel/_base.py", line 918, in parse
    output[asheetname] = parser.read(nrows=nrows)
  File "/Users/franciscomontalvo/Library/Python/3.9/lib/python/site-packages/pandas/io/parsers/readers.py", line 1748, in read
    ) = self._engine.read(  # type: ignore[attr-defined]
  File "/Users/franciscomontalvo/Library/Python/3.9/lib/python/site-packages/pandas/io/parsers/python_parser.py", line 289, in read
    conv_data = self._convert_data(data)
  File "/Users/franciscomontalvo/Library/Python/3.9/lib/python/site-packages/pandas/io/parsers/python_parser.py", line 340, in _convert_data
    clean_dtypes = self._clean_mapping(self.dtype)
  File "/Users/franciscomontalvo/Library/Python/3.9/lib/python/site-packages/pandas/io/parsers/base_parser.py", line 454, in _clean_mapping
    col = self.orig_names[col]
IndexError: list index out of range (sheet: 1)

During handling of the above exception, another exception occurred:

Traceback (most recent call last):
  File "/Users/franciscomontalvo/Documents/ProColombia/resumen_exportaciones/main.py", line 97, in seleccionar_archivo
    df = import_data_from_excel(ruta_del_archivo)
  File "/Users/franciscomontalvo/Documents/ProColombia/resumen_exportaciones/importar.py", line 95, in import_data_from_excel
    logger_imp.error(f"Error al importar el archivo: {e}",exec_info=True)
  File "/Applications/Xcode.app/Contents/Developer/Library/Frameworks/Python3.framework/Versions/3.9/lib/python3.9/logging/__init__.py", line 1475, in error
    self._log(ERROR, msg, args, **kwargs)
TypeError: _log() got an unexpected keyword argument 'exec_info'
2023-11-01 18:57:56,868 - INFO - Se importaron los datos Excel (xlsb) correctamente desde el archivo: /Users/franciscomontalvo/Library/CloudStorage/OneDrive-PROCOLOMBIA/Escritorio/Francisco/Corrección Resumen Export (Doc) (S)/Base_Exportaciones_Colombianas_2017-2023 (Agosto).xlsb
2023-11-01 18:57:56,869 - INFO - Datos importados otro formato correctamente desde el archivo: /Users/franciscomontalvo/Library/CloudStorage/OneDrive-PROCOLOMBIA/Escritorio/Francisco/Corrección Resumen Export (Doc) (S)/Base_Exportaciones_Colombianas_2017-2023 (Agosto).xlsb
2023-11-01 18:57:56,869 - INFO - Archivo importado con éxito.
2023-11-01 18:57:56,870 - ERROR - No se pudo extraer el mes y el año por el siguiente error: <class 'Exception'>
NoneType: None
2023-11-01 18:57:56,871 - INFO - Año y mes extraídos con éxito.
2023-11-01 18:57:56,871 - ERROR - Ocurrió un procesando los datos de totales: '2023 USD (Ene-Ago)'
Traceback (most recent call last):
  File "/Users/franciscomontalvo/Library/Python/3.9/lib/python/site-packages/pandas/core/indexes/base.py", line 3790, in get_loc
    return self._engine.get_loc(casted_key)
  File "index.pyx", line 152, in pandas._libs.index.IndexEngine.get_loc
  File "index.pyx", line 181, in pandas._libs.index.IndexEngine.get_loc
  File "pandas/_libs/hashtable_class_helper.pxi", line 7080, in pandas._libs.hashtable.PyObjectHashTable.get_item
  File "pandas/_libs/hashtable_class_helper.pxi", line 7088, in pandas._libs.hashtable.PyObjectHashTable.get_item
KeyError: '2023 USD (Ene-Ago)'

The above exception was the direct cause of the following exception:

Traceback (most recent call last):
  File "/Users/franciscomontalvo/Documents/ProColombia/resumen_exportaciones/procesamiento_datos.py", line 75, in totales
    expt_act_tot = totales_df[correlativas[9]].sum()
  File "/Users/franciscomontalvo/Library/Python/3.9/lib/python/site-packages/pandas/core/frame.py", line 3893, in __getitem__
    indexer = self.columns.get_loc(key)
  File "/Users/franciscomontalvo/Library/Python/3.9/lib/python/site-packages/pandas/core/indexes/base.py", line 3797, in get_loc
    raise KeyError(key) from err
KeyError: '2023 USD (Ene-Ago)'
2023-11-01 18:57:56,905 - ERROR - Ocurrió un procesando los datos de no mineras: 'NoneType' object is not subscriptable
Traceback (most recent call last):
  File "/Users/franciscomontalvo/Documents/ProColombia/resumen_exportaciones/procesamiento_datos.py", line 127, in no_mineras
    expt_act_tot_no_min = vars_from_totales["NME Export Act"]
TypeError: 'NoneType' object is not subscriptable
2023-11-01 18:57:56,905 - INFO - Datos procesados con éxito.
2023-11-01 18:58:01,012 - ERROR - Ocurrió un error: 'NoneType' object is not subscriptable
Traceback (most recent call last):
  File "/Users/franciscomontalvo/Documents/ProColombia/resumen_exportaciones/main.py", line 109, in seleccionar_archivo
    resumen = generar_docx(variables_desde_totales, variables_desde_no_mineras, variables_desde_mes_ano)
  File "/Users/franciscomontalvo/Documents/ProColombia/resumen_exportaciones/procesamiento_en_word.py", line 31, in generar_docx
    expt_act_tot = vars_from_totales["Total Export Act"]
TypeError: 'NoneType' object is not subscriptable
2023-11-01 20:01:29,699 - INFO - Se importaron los datos Excel (xlsb) correctamente desde el archivo: /Users/franciscomontalvo/Library/CloudStorage/OneDrive-PROCOLOMBIA/Escritorio/Francisco/Corrección Resumen Export (Doc) (S)/Base_Exportaciones_Colombianas_2017-2023 (Agosto).xlsb
2023-11-01 20:01:29,706 - INFO - Datos importados otro formato correctamente desde el archivo: /Users/franciscomontalvo/Library/CloudStorage/OneDrive-PROCOLOMBIA/Escritorio/Francisco/Corrección Resumen Export (Doc) (S)/Base_Exportaciones_Colombianas_2017-2023 (Agosto).xlsb
2023-11-01 20:01:29,706 - INFO - Archivo importado con éxito.
2023-11-01 20:01:29,707 - INFO - Exito en Mes y Año! El mes es: Agosto y el año es: 2023
2023-11-01 20:01:29,707 - INFO - Año y mes extraídos con éxito.
2023-11-01 20:01:58,184 - INFO - El conteo de empresas es: 6395
2023-11-01 20:02:00,977 - INFO - Se procesó el resumen de países exitosamente se tienen los siguientes datosIndex(['COMERCIALIZADORA INTERNACIONAL SUNSHINE BOUQUET COLOMBIA S.A',
       'C I ENERGIA SOLAR  SAS  E. S.  WINDOWS',
       'THE ELITE FLOWER  SAS   C I'],
      dtype='object', name='Razon Social')
2023-11-01 20:02:02,280 - INFO - Se procesó el resumen de países exitosamente se tienen los siguientes datosIndex(['RENAULT SOCIEDAD DE FABRICACION DE AUTOMOTORES S.A.S.',
       'HINO MOTORS MANUFACTURING COLOMBIA S.A.S',
       'COLGATE PALMOLIVE COMPAÑIA'],
      dtype='object', name='Razon Social')
2023-11-01 20:02:03,797 - INFO - Se procesó el resumen de países exitosamente se tienen los siguientes datosIndex(['RENAULT SOCIEDAD DE FABRICACION DE AUTOMOTORES S.A.S.',
       'BUSSCAR DE COLOMBIA S.A.S. EN REORGANIZACION',
       'FEDERACION NACIONAL DE CAFETEROS DE COLOMBIA'],
      dtype='object', name='Razon Social')
2023-11-01 20:02:04,769 - INFO - Se procesó el resumen de países exitosamente se tienen los siguientes datosIndex(['MEXICHEM RESINAS COLOMBIA S.A. S.', 'ESENTTIA S.A.',
       'C I ACEPALMA S A'],
      dtype='object', name='Razon Social')
2023-11-01 20:02:05,427 - INFO - Se procesó el resumen de países exitosamente se tienen los siguientes datosIndex(['COLGATE PALMOLIVE COMPAÑIA', 'BEL-STAR  S.A.', 'ESENTTIA S.A.'], dtype='object', name='Razon Social')
2023-11-01 20:02:06,369 - INFO - Se procesó el resumen de países exitosamente se tienen los siguientes datosIndex(['SUPER DE ALIMENTOS S.A.S.',
       'AGROQUIMICOS SEMILLAS Y EQUIPOS DE RIEGO S.A.', 'ESENTTIA S.A.'],
      dtype='object', name='Razon Social')
2023-11-01 20:02:07,271 - INFO - Se procesó el resumen de países exitosamente se tienen los siguientes datosIndex(['BEL-STAR  S.A.', 'C. I. DE AZUCARES Y MIELES S.A',
       'RED CARNICA  S.A.S.'],
      dtype='object', name='Razon Social')
2023-11-01 20:02:08,426 - INFO - Se procesó el resumen de países exitosamente se tienen los siguientes datosIndex(['C I ACEPALMA S A', 'AVOFRUIT S.A.S.', 'C.I. TOP S.A.'], dtype='object', name='Razon Social')
2023-11-01 20:02:09,241 - INFO - Se procesó el resumen de países exitosamente se tienen los siguientes datosIndex(['FEDERACION NACIONAL DE CAFETEROS DE COLOMBIA', 'SUCAFINA COLOMBIA SAS',
       'COMERCIALIZADORA INTERNACIONAL BANANEROS UNIDOS DE SANTA MAR'],
      dtype='object', name='Razon Social')
2023-11-01 20:02:10,012 - INFO - Se procesó el resumen de países exitosamente se tienen los siguientes datosIndex(['FEDERACION NACIONAL DE CAFETEROS DE COLOMBIA',
       'OLAM AGRO COLOMBIA S.A.S', 'CARCAFE LTDA'],
      dtype='object', name='Razon Social')
2023-11-01 20:02:10,533 - INFO - Se procesó el resumen de países exitosamente se tienen los siguientes datosdict_keys(['Estados Unidos', 'Ecuador', 'México', 'Brasil', 'Perú', 'Venezuela', 'Chile', 'Países Bajos', 'Bélgica', 'Canadá'])
2023-11-01 20:02:12,758 - INFO - Se procesó el resumen de empresas exitosamente se tienen los siguientes datosdict_keys(['FEDERACION NACIONAL DE CAFETEROS DE COLOMBIA', 'COMERCIALIZADORA INTERNACIONAL SUNSHINE BOUQUET COLOMBIA S.A', 'C I ENERGIA SOLAR  SAS  E. S.  WINDOWS', 'ESENTTIA S.A.', 'THE ELITE FLOWER  SAS   C I', 'OLAM AGRO COLOMBIA S.A.S', 'SUCAFINA COLOMBIA SAS', 'C I ACEPALMA S A', 'MEXICHEM RESINAS COLOMBIA S.A. S.', 'RENAULT SOCIEDAD DE FABRICACION DE AUTOMOTORES S.A.S.'])
2023-11-01 20:02:13,015 - INFO - Se procesó el resumen exitosamente
2023-11-01 20:02:14,756 - INFO - Se tienen datos de los siguientes subsectores:dict_keys(['Café verde', 'Flores frescas', 'Acabados para la construcción', 'Plástico en formas primarias', 'Banano', 'Aceite de palma', 'Derivados de café', 'Frutas frescas', 'Desperdicios y desechos de minerales metálicos', 'Azúcar de caña'])
2023-11-01 20:02:14,897 - INFO - Se procesó el resumen de departamentos exitosamente se tienen los siguientes datosIndex(['2022 USD (Ene-Ago)', '2023 USD (Ene-Ago)', 'Variacion_dep',
       'Tendencia', 'Variance Percentage'],
      dtype='object')
2023-11-01 20:02:15,122 - INFO - Se procesó el resumen de Venezuela exitosamente
2023-11-01 20:02:15,163 - INFO - Datos procesados con éxito.
2023-11-01 20:02:15,189 - INFO - Documento de Word inicializado.
2023-11-01 20:02:15,224 - INFO - Resumen inicial procesado exitosamente .
2023-11-01 20:02:15,238 - INFO - Se generó el resumen de los destinos
2023-11-01 20:02:15,248 - INFO - Se generó el resumen de las empresas
2023-11-01 20:02:15,258 - INFO - Se generó el resumen de los productos
2023-11-01 20:02:15,269 - INFO - Se generó el resumen de los departamentos
2023-11-01 20:02:15,276 - INFO - Se generó el resumen de Venezuela
2023-11-01 20:02:15,306 - INFO - Documento generado con éxito y guardado en /Users/franciscomontalvo/Library/CloudStorage/OneDrive-PROCOLOMBIA/Escritorio/Francisco/Corrección Resumen Export (Doc) (S)/Resumen Exportaciones Enero - Agosto.docx.
